<?xml version="1.0" encoding="UTF-8"?>
<!-- Generated by org.testng.reporters.JUnitReportReporter -->
<testsuite skipped="0" hostname="om-PC" name="mango.Nuziveed" tests="2" failures="0" timestamp="19 Jul 2018 10:15:18 GMT" time="0.013" errors="0">
  <testcase name="test" time="0.011" classname="mango.Nuziveed"/>
  <testcase name="test1" time="0.002" classname="mango.Nuziveed"/>
</testsuite> <!-- mango.Nuziveed -->
