<?xml version="1.0" encoding="UTF-8"?>
<!-- Generated by org.testng.reporters.JUnitReportReporter -->
<testsuite skipped="0" hostname="om-PC" name="maven1.maven1.compilation" tests="1" failures="0" timestamp="19 Jul 2018 05:22:33 GMT" time="0.009" errors="0">
  <testcase name="method1" time="0.009" classname="maven1.maven1.compilation"/>
</testsuite> <!-- maven1.maven1.compilation -->
