<?xml version="1.0" encoding="UTF-8"?>
<!-- Generated by org.testng.reporters.JUnitReportReporter -->
<testsuite skipped="0" hostname="om-PC" name="maven1.maven1.rk" tests="2" failures="0" timestamp="19 Jul 2018 10:48:01 GMT" time="0.010" errors="0">
  <testcase name="test" time="0.009" classname="maven1.maven1.rk"/>
  <testcase name="test1" time="0.001" classname="maven1.maven1.rk"/>
</testsuite> <!-- maven1.maven1.rk -->
